<?xml version="1.0" encoding="UTF-8"?>
<coverage generated="1621348960788" clover="3.2.0">
  <project timestamp="1621348960789" name="All files">
    <metrics statements="30" coveredstatements="22" conditionals="24" coveredconditionals="10" methods="10" coveredmethods="8" elements="64" coveredelements="40" complexity="0" loc="30" ncloc="30" packages="1" files="1" classes="1"/>
    <file name="App.vue" path="C:\Users\nalla\Downloads\Abhinav-main\Abhinav-main\carousel\src\App.vue">
      <metrics statements="30" coveredstatements="22" conditionals="24" coveredconditionals="10" methods="10" coveredmethods="8"/>
      <line num="44" count="1" type="stmt"/>
      <line num="45" count="1" type="stmt"/>
      <line num="50" count="1" type="stmt"/>
      <line num="57" count="1" type="stmt"/>
      <line num="60" count="1" type="cond" truecount="1" falsecount="1"/>
      <line num="61" count="0" type="stmt"/>
      <line num="68" count="4" type="stmt"/>
      <line num="69" count="4" type="stmt"/>
      <line num="74" count="4" type="stmt"/>
      <line num="77" count="4" type="stmt"/>
      <line num="78" count="4" type="stmt"/>
      <line num="79" count="0" type="cond" truecount="0" falsecount="2"/>
      <line num="80" count="0" type="stmt"/>
      <line num="88" count="0" type="stmt"/>
      <line num="97" count="0" type="stmt"/>
      <line num="100" count="4" type="stmt"/>
      <line num="107" count="4" type="stmt"/>
      <line num="108" count="4" type="stmt"/>
      <line num="109" count="40" type="cond" truecount="2" falsecount="0"/>
      <line num="110" count="16" type="stmt"/>
      <line num="118" count="24" type="stmt"/>
      <line num="127" count="4" type="stmt"/>
      <line num="128" count="4" type="stmt"/>
      <line num="132" count="1" type="stmt"/>
      <line num="133" count="40" type="cond" truecount="1" falsecount="1"/>
      <line num="134" count="0" type="stmt"/>
      <line num="137" count="1" type="stmt"/>
      <line num="140" count="0" type="stmt"/>
      <line num="143" count="0" type="stmt"/>
      <line num="146" count="1" type="stmt"/>
    </file>
  </project>
</coverage>
