{"C:\\Users\\nalla\\Downloads\\Abhinav-main\\Abhinav-main\\carousel\\src\\App.vue": {"path":"C:\\Users\\nalla\\Downloads\\Abhinav-main\\Abhinav-main\\carousel\\src\\App.vue","statementMap":{"0":{"start":{"line":44,"column":0},"end":{"line":44,"column":null}},"1":{"start":{"line":45,"column":0},"end":{"line":45,"column":null}},"2":{"start":{"line":50,"column":0},"end":{"line":50,"column":null}},"3":{"start":{"line":57,"column":0},"end":{"line":57,"column":null}},"4":{"start":{"line":60,"column":0},"end":{"line":65,"column":null}},"5":{"start":{"line":61,"column":0},"end":{"line":61,"column":null}},"6":{"start":{"line":68,"column":0},"end":{"line":68,"column":null}},"7":{"start":{"line":69,"column":0},"end":{"line":69,"column":null}},"8":{"start":{"line":74,"column":0},"end":{"line":129,"column":null}},"9":{"start":{"line":77,"column":0},"end":{"line":77,"column":null}},"10":{"start":{"line":78,"column":0},"end":{"line":96,"column":null}},"11":{"start":{"line":78,"column":0},"end":{"line":78,"column":null}},"12":{"start":{"line":79,"column":0},"end":{"line":95,"column":null}},"13":{"start":{"line":80,"column":0},"end":{"line":80,"column":null}},"14":{"start":{"line":88,"column":0},"end":{"line":88,"column":null}},"15":{"start":{"line":97,"column":0},"end":{"line":97,"column":null}},"16":{"start":{"line":100,"column":0},"end":{"line":100,"column":null}},"17":{"start":{"line":107,"column":0},"end":{"line":107,"column":null}},"18":{"start":{"line":108,"column":0},"end":{"line":126,"column":null}},"19":{"start":{"line":108,"column":0},"end":{"line":108,"column":null}},"20":{"start":{"line":109,"column":0},"end":{"line":125,"column":null}},"21":{"start":{"line":110,"column":0},"end":{"line":110,"column":null}},"22":{"start":{"line":118,"column":0},"end":{"line":118,"column":null}},"23":{"start":{"line":127,"column":0},"end":{"line":127,"column":null}},"24":{"start":{"line":128,"column":0},"end":{"line":128,"column":null}},"25":{"start":{"line":132,"column":0},"end":{"line":136,"column":null}},"26":{"start":{"line":132,"column":0},"end":{"line":132,"column":null}},"27":{"start":{"line":133,"column":0},"end":{"line":135,"column":null}},"28":{"start":{"line":134,"column":0},"end":{"line":134,"column":null}},"29":{"start":{"line":137,"column":0},"end":{"line":137,"column":null}},"30":{"start":{"line":140,"column":0},"end":{"line":140,"column":null}},"31":{"start":{"line":143,"column":0},"end":{"line":143,"column":null}},"32":{"start":{"line":146,"column":0},"end":{"line":146,"column":null}}},"fnMap":{"0":{"name":"data","decl":{"start":{"line":49,"column":0},"end":{"line":49,"column":null}},"loc":{"start":{"line":49,"column":0},"end":{"line":55,"column":null}}},"1":{"name":"created","decl":{"start":{"line":56,"column":0},"end":{"line":56,"column":null}},"loc":{"start":{"line":56,"column":0},"end":{"line":58,"column":null}}},"2":{"name":"mounted","decl":{"start":{"line":59,"column":0},"end":{"line":59,"column":null}},"loc":{"start":{"line":59,"column":0},"end":{"line":66,"column":null}}},"3":{"name":"loadImages","decl":{"start":{"line":68,"column":0},"end":{"line":68,"column":null}},"loc":{"start":{"line":68,"column":0},"end":{"line":130,"column":null}}},"4":{"name":"(anonymous_5)","decl":{"start":{"line":74,"column":0},"end":{"line":74,"column":null}},"loc":{"start":{"line":74,"column":0},"end":{"line":98,"column":null}}},"5":{"name":"(anonymous_6)","decl":{"start":{"line":98,"column":0},"end":{"line":98,"column":null}},"loc":{"start":{"line":98,"column":0},"end":{"line":129,"column":null}}},"6":{"name":"modalshow","decl":{"start":{"line":131,"column":0},"end":{"line":131,"column":null}},"loc":{"start":{"line":131,"column":0},"end":{"line":138,"column":null}}},"7":{"name":"nextImage","decl":{"start":{"line":139,"column":0},"end":{"line":139,"column":null}},"loc":{"start":{"line":139,"column":0},"end":{"line":141,"column":null}}},"8":{"name":"previousImage","decl":{"start":{"line":142,"column":0},"end":{"line":142,"column":null}},"loc":{"start":{"line":142,"column":0},"end":{"line":144,"column":null}}},"9":{"name":"modalhide","decl":{"start":{"line":145,"column":0},"end":{"line":145,"column":null}},"loc":{"start":{"line":145,"column":0},"end":{"line":147,"column":null}}}},"branchMap":{"0":{"loc":{"start":{"line":60,"column":0},"end":{"line":65,"column":null}},"type":"if","locations":[{"start":{"line":60,"column":0},"end":{"line":65,"column":null}},{"start":{"line":60,"column":0},"end":{"line":65,"column":null}}]},"1":{"loc":{"start":{"line":79,"column":0},"end":{"line":95,"column":null}},"type":"if","locations":[{"start":{"line":79,"column":0},"end":{"line":95,"column":null}},{"start":{"line":79,"column":0},"end":{"line":95,"column":null}}]},"2":{"loc":{"start":{"line":82,"column":0},"end":{"line":82,"column":null}},"type":"cond-expr","locations":[{"start":{"line":82,"column":0},"end":{"line":82,"column":null}},{"start":{"line":82,"column":0},"end":{"line":82,"column":null}}]},"3":{"loc":{"start":{"line":84,"column":0},"end":{"line":84,"column":null}},"type":"cond-expr","locations":[{"start":{"line":84,"column":0},"end":{"line":84,"column":null}},{"start":{"line":84,"column":0},"end":{"line":84,"column":null}}]},"4":{"loc":{"start":{"line":90,"column":0},"end":{"line":90,"column":null}},"type":"cond-expr","locations":[{"start":{"line":90,"column":0},"end":{"line":90,"column":null}},{"start":{"line":90,"column":0},"end":{"line":90,"column":null}}]},"5":{"loc":{"start":{"line":92,"column":0},"end":{"line":92,"column":null}},"type":"cond-expr","locations":[{"start":{"line":92,"column":0},"end":{"line":92,"column":null}},{"start":{"line":92,"column":0},"end":{"line":92,"column":null}}]},"6":{"loc":{"start":{"line":109,"column":0},"end":{"line":125,"column":null}},"type":"if","locations":[{"start":{"line":109,"column":0},"end":{"line":125,"column":null}},{"start":{"line":109,"column":0},"end":{"line":125,"column":null}}]},"7":{"loc":{"start":{"line":112,"column":0},"end":{"line":112,"column":null}},"type":"cond-expr","locations":[{"start":{"line":112,"column":0},"end":{"line":112,"column":null}},{"start":{"line":112,"column":0},"end":{"line":112,"column":null}}]},"8":{"loc":{"start":{"line":114,"column":0},"end":{"line":114,"column":null}},"type":"cond-expr","locations":[{"start":{"line":114,"column":0},"end":{"line":114,"column":null}},{"start":{"line":114,"column":0},"end":{"line":114,"column":null}}]},"9":{"loc":{"start":{"line":120,"column":0},"end":{"line":120,"column":null}},"type":"cond-expr","locations":[{"start":{"line":120,"column":0},"end":{"line":120,"column":null}},{"start":{"line":120,"column":0},"end":{"line":120,"column":null}}]},"10":{"loc":{"start":{"line":122,"column":0},"end":{"line":122,"column":null}},"type":"cond-expr","locations":[{"start":{"line":122,"column":0},"end":{"line":122,"column":null}},{"start":{"line":122,"column":0},"end":{"line":122,"column":null}}]},"11":{"loc":{"start":{"line":133,"column":0},"end":{"line":135,"column":null}},"type":"if","locations":[{"start":{"line":133,"column":0},"end":{"line":135,"column":null}},{"start":{"line":133,"column":0},"end":{"line":135,"column":null}}]}},"s":{"0":1,"1":1,"2":1,"3":1,"4":1,"5":0,"6":4,"7":4,"8":4,"9":4,"10":4,"11":4,"12":0,"13":0,"14":0,"15":0,"16":4,"17":4,"18":4,"19":4,"20":40,"21":16,"22":24,"23":4,"24":4,"25":1,"26":1,"27":40,"28":0,"29":1,"30":0,"31":0,"32":1},"f":{"0":1,"1":1,"2":1,"3":4,"4":4,"5":4,"6":1,"7":0,"8":0,"9":1},"b":{"0":[0,1],"1":[0,0],"2":[0,0],"3":[0,0],"4":[0,0],"5":[0,0],"6":[16,24],"7":[16,0],"8":[16,0],"9":[8,16],"10":[12,12],"11":[0,40]}}
}
