TN:
SF:src\App.vue
FN:49,data
FN:56,created
FN:59,mounted
FN:68,loadImages
FN:74,(anonymous_5)
FN:98,(anonymous_6)
FN:131,modalshow
FN:139,nextImage
FN:142,previousImage
FN:145,modalhide
FNF:10
FNH:8
FNDA:1,data
FNDA:1,created
FNDA:1,mounted
FNDA:4,loadImages
FNDA:4,(anonymous_5)
FNDA:4,(anonymous_6)
FNDA:1,modalshow
FNDA:0,nextImage
FNDA:0,previousImage
FNDA:1,modalhide
DA:44,1
DA:45,1
DA:50,1
DA:57,1
DA:60,1
DA:61,0
DA:68,4
DA:69,4
DA:74,4
DA:77,4
DA:78,4
DA:79,0
DA:80,0
DA:88,0
DA:97,0
DA:100,4
DA:107,4
DA:108,4
DA:109,40
DA:110,16
DA:118,24
DA:127,4
DA:128,4
DA:132,1
DA:133,40
DA:134,0
DA:137,1
DA:140,0
DA:143,0
DA:146,1
LF:30
LH:22
BRDA:60,0,0,0
BRDA:60,0,1,1
BRDA:79,1,0,0
BRDA:79,1,1,0
BRDA:82,2,0,0
BRDA:82,2,1,0
BRDA:84,3,0,0
BRDA:84,3,1,0
BRDA:90,4,0,0
BRDA:90,4,1,0
BRDA:92,5,0,0
BRDA:92,5,1,0
BRDA:109,6,0,16
BRDA:109,6,1,24
BRDA:112,7,0,16
BRDA:112,7,1,0
BRDA:114,8,0,16
BRDA:114,8,1,0
BRDA:120,9,0,8
BRDA:120,9,1,16
BRDA:122,10,0,12
BRDA:122,10,1,12
BRDA:133,11,0,0
BRDA:133,11,1,40
BRF:24
BRH:10
end_of_record
